[0.036s] Invoking command in '/home/u20/u20/ros2_topic_ws/build/status_sub': CMAKE_PREFIX_PATH=/home/u20/u20/ros2_topic_ws/install/communication_interfaces:/home/u20/u20/ros2_topic_ws/install/status_sub:/home/u20/u20/ros2_topic_ws/install/pc_status:/opt/ros/foxy PYTHONPATH=/home/u20/u20/ros2_topic_ws/install/communication_interfaces/lib/python3.8/site-packages:/home/u20/u20/ros2_topic_ws/install/pc_status/lib/python3.8/site-packages:/opt/ros/foxy/lib/python3.8/site-packages /usr/bin/cmake --build /home/u20/u20/ros2_topic_ws/build/status_sub -- -j12 -l12
[0.159s] [35m[1mScanning dependencies of target status_ui[0m
[0.194s] [ 50%] [32mBuilding CXX object CMakeFiles/status_ui.dir/src/status_ui.cpp.o[0m
[0.218s] [01m[K/home/u20/u20/ros2_topic_ws/src/status_sub/src/status_ui.cpp:1:10:[m[K [01;31m[Kfatal error: [m[Krclcpp/rclcpp.hpp: æ²¡æœ‰é‚£ä¸ªæ–‡ä»¶æˆ–ç›®å½•
[0.219s]     1 | #include [01;31m[K<rclcpp/rclcpp.hpp>[m[K
[0.219s]       |          [01;31m[K^~~~~~~~~~~~~~~~~~~[m[K
[0.219s] compilation terminated.
[0.220s] make[2]: *** [CMakeFiles/status_ui.dir/build.make:63ï¼šCMakeFiles/status_ui.dir/src/status_ui.cpp.o] é”™è¯¯ 1
[0.221s] make[1]: *** [CMakeFiles/Makefile2:78ï¼šCMakeFiles/status_ui.dir/all] é”™è¯¯ 2
[0.221s] make: *** [Makefile:141ï¼šall] é”™è¯¯ 2
[0.223s] Invoked command in '/home/u20/u20/ros2_topic_ws/build/status_sub' returned '2': CMAKE_PREFIX_PATH=/home/u20/u20/ros2_topic_ws/install/communication_interfaces:/home/u20/u20/ros2_topic_ws/install/status_sub:/home/u20/u20/ros2_topic_ws/install/pc_status:/opt/ros/foxy PYTHONPATH=/home/u20/u20/ros2_topic_ws/install/communication_interfaces/lib/python3.8/site-packages:/home/u20/u20/ros2_topic_ws/install/pc_status/lib/python3.8/site-packages:/opt/ros/foxy/lib/python3.8/site-packages /usr/bin/cmake --build /home/u20/u20/ros2_topic_ws/build/status_sub -- -j12 -l12
