-- Found ament_cmake: 1.3.8 (/opt/ros/humble/share/ament_cmake/cmake)
-- Found rclcpp: 16.0.8 (/opt/ros/humble/share/rclcpp/cmake)
-- Found rosidl_generator_c: 3.1.5 (/opt/ros/humble/share/rosidl_generator_c/cmake)
-- Found rosidl_adapter: 3.1.5 (/opt/ros/humble/share/rosidl_adapter/cmake)
-- Found rosidl_generator_cpp: 3.1.5 (/opt/ros/humble/share/rosidl_generator_cpp/cmake)
-- Using all available rosidl_typesupport_c: rosidl_typesupport_fastrtps_c;rosidl_typesupport_introspection_c
-- Using all available rosidl_typesupport_cpp: rosidl_typesupport_fastrtps_cpp;rosidl_typesupport_introspection_cpp
-- Found rmw_implementation_cmake: 6.1.1 (/opt/ros/humble/share/rmw_implementation_cmake/cmake)
-- Found rmw_fastrtps_cpp: 6.2.6 (/opt/ros/humble/share/rmw_fastrtps_cpp/cmake)
-- Using RMW implementation 'rmw_fastrtps_cpp' as default
-- Found interfaces1: 0.0.0 (/home/gy/changshu/B-ROS2-chapter1/colcon_ws/install/interfaces1/share/interfaces1/cmake)
-- Found ament_lint_auto: 0.12.10 (/opt/ros/humble/share/ament_lint_auto/cmake)
-- Added test 'cppcheck' to perform static code analysis on C / C++ code
-- Configured cppcheck include dirs: 
-- Configured cppcheck exclude dirs and/or files: 
-- Added test 'lint_cmake' to check CMake code style
-- Added test 'uncrustify' to check C / C++ code style
-- Configured uncrustify additional arguments: 
-- Added test 'xmllint' to check XML markup files
-- Configuring done
-- Generating done
-- Build files have been written to: /home/gy/changshu/B-ROS2-chapter1/colcon_ws/build/services1
[ 25%] [32mBuilding CXX object CMakeFiles/ser.dir/src/ser.cpp.o[0m
[ 50%] [32mBuilding CXX object CMakeFiles/cli.dir/src/cli.cpp.o[0m
[01m[K/home/gy/changshu/B-ROS2-chapter1/colcon_ws/src/services1/src/cli.cpp:3:10:[m[K [01;31m[Kfatal error: [m[Kinterfaces1/srv/countthreeint.hpp: æ²¡æœ‰é‚£ä¸ªæ–‡ä»¶æˆ–ç›®å½•
    3 | #include [01;31m[K"interfaces1/srv/countthreeint.hpp"[m[K
      |          [01;31m[K^~~~~~~~~~~~~~~~~~~~~~~~~~~~~~~~~~~[m[K
[01m[K/home/gy/changshu/B-ROS2-chapter1/colcon_ws/src/services1/src/ser.cpp:3:10:[m[K [01;31m[Kfatal error: [m[Kinterfaces1/srv/countthreeint.hpp: æ²¡æœ‰é‚£ä¸ªæ–‡ä»¶æˆ–ç›®å½•
    3 | #include [01;31m[K"interfaces1/srv/countthreeint.hpp"[m[K  // æœåŠ¡æ¥å£å¤´æ–‡ä»¶
      |          [01;31m[K^~~~~~~~~~~~~~~~~~~~~~~~~~~~~~~~~~~[m[K
compilation terminated.
compilation terminated.
gmake[2]: *** [CMakeFiles/ser.dir/build.make:76ï¼šCMakeFiles/ser.dir/src/ser.cpp.o] é”™è¯¯ 1
gmake[2]: *** [CMakeFiles/cli.dir/build.make:76ï¼šCMakeFiles/cli.dir/src/cli.cpp.o] é”™è¯¯ 1
gmake[1]: *** [CMakeFiles/Makefile2:139ï¼šCMakeFiles/ser.dir/all] é”™è¯¯ 2
gmake[1]: *** æ­£åœ¨ç­‰å¾…æœªå®Œæˆçš„ä»»åŠ¡....
gmake[1]: *** [CMakeFiles/Makefile2:165ï¼šCMakeFiles/cli.dir/all] é”™è¯¯ 2
gmake: *** [Makefile:146ï¼šall] é”™è¯¯ 2
