<?xml version="1.0" encoding="UTF-8"?>
<Site BuildName="(empty)"
	BuildStamp="20241219-0206-Experimental"
	Name="gy-u22"
	Generator="ctest-3.22.1"
	CompilerName="/usr/bin/c++"
	CompilerVersion="11.4.0"
	OSName="Linux"
	Hostname="gy-u22"
	OSRelease="6.8.0-49-generic"
	OSVersion="#49~22.04.1-Ubuntu SMP PREEMPT_DYNAMIC Wed Nov  6 17:42:15 UTC 2"
	OSPlatform="x86_64"
	Is64Bits="1"
	VendorString="GenuineIntel"
	VendorID="Intel Corporation"
	FamilyID="6"
	ModelID="158"
	ProcessorCacheSize="12288"
	NumberOfLogicalCPU="12"
	NumberOfPhysicalCPU="6"
	TotalVirtualMemory="2047"
	TotalPhysicalMemory="7779"
	LogicalProcessorsPerPhysical="2"
	ProcessorClockFrequency="3996.5"
	>
	<Testing>
		<StartDateTime>Dec 19 10:06 CST</StartDateTime>
		<StartTestTime>1734573994</StartTestTime>
		<TestList/>
		<EndDateTime>Dec 19 10:06 CST</EndDateTime>
		<EndTestTime>1734573994</EndTestTime>
		<ElapsedMinutes>0</ElapsedMinutes>
	</Testing>
</Site>
