<?xml version="1.0" encoding="UTF-8"?>
<Site BuildName="(empty)"
	BuildStamp="20241027-0201-Experimental"
	Name="gy-Y"
	Generator="ctest-3.22.1"
	CompilerName="/usr/bin/g++"
	CompilerVersion="11.4.0"
	OSName="Linux"
	Hostname="gy-Y"
	OSRelease="6.5.0-44-generic"
	OSVersion="#44~22.04.1-Ubuntu SMP PREEMPT_DYNAMIC Tue Jun 18 14:36:16 UTC 2"
	OSPlatform="x86_64"
	Is64Bits="1"
	VendorString="GenuineIntel"
	VendorID="Intel Corporation"
	FamilyID="6"
	ModelID="154"
	ProcessorCacheSize="24576"
	NumberOfLogicalCPU="20"
	NumberOfPhysicalCPU="14"
	TotalVirtualMemory="32767"
	TotalPhysicalMemory="15707"
	LogicalProcessorsPerPhysical="1"
	ProcessorClockFrequency="1147.79"
	>
	<Testing>
		<StartDateTime>Oct 27 12:21 CST</StartDateTime>
		<StartTestTime>1730002865</StartTestTime>
		<TestList/>
		<EndDateTime>Oct 27 12:21 CST</EndDateTime>
		<EndTestTime>1730002865</EndTestTime>
		<ElapsedMinutes>0</ElapsedMinutes>
	</Testing>
</Site>
