<?xml version="1.0" encoding="UTF-8"?>
<Site BuildName="(empty)"
	BuildStamp="20250106-0514-Experimental"
	Name="gy-Y"
	Generator="ctest-3.22.1"
	CompilerName="/usr/bin/g++"
	CompilerVersion="11.4.0"
	OSName="Linux"
	Hostname="gy-Y"
	OSRelease="6.8.0-49-generic"
	OSVersion="#49~22.04.1-Ubuntu SMP PREEMPT_DYNAMIC Wed Nov  6 17:42:15 UTC 2"
	OSPlatform="x86_64"
	Is64Bits="1"
	VendorString="GenuineIntel"
	VendorID="Intel Corporation"
	FamilyID="6"
	ModelID="154"
	ProcessorCacheSize="24576"
	NumberOfLogicalCPU="20"
	NumberOfPhysicalCPU="14"
	TotalVirtualMemory="32767"
	TotalPhysicalMemory="15714"
	LogicalProcessorsPerPhysical="1"
	ProcessorClockFrequency="3553.7"
	>
	<Testing>
		<StartDateTime>Jan 06 13:14 CST</StartDateTime>
		<StartTestTime>1736140456</StartTestTime>
		<TestList/>
		<EndDateTime>Jan 06 13:14 CST</EndDateTime>
		<EndTestTime>1736140456</EndTestTime>
		<ElapsedMinutes>0</ElapsedMinutes>
	</Testing>
</Site>
