[0.012s] Invoking command in '/home/u20/u20/ros2_topic_ws/build/status_sub': CMAKE_PREFIX_PATH=/home/u20/u20/ros2_topic_ws/install/communication_interfaces:/home/u20/u20/ros2_topic_ws/install/status_sub:/home/u20/u20/ros2_topic_ws/install/pc_status:/opt/ros/foxy PYTHONPATH=/home/u20/u20/ros2_topic_ws/install/communication_interfaces/lib/python3.8/site-packages:/home/u20/u20/ros2_topic_ws/install/pc_status/lib/python3.8/site-packages:/opt/ros/foxy/lib/python3.8/site-packages /usr/bin/cmake --build /home/u20/u20/ros2_topic_ws/build/status_sub -- -j12 -l12
[0.039s] -- Found ament_cmake: 0.9.12 (/opt/ros/foxy/share/ament_cmake/cmake)
[0.061s] -- Using PYTHON_EXECUTABLE: /usr/bin/python3
[0.267s] -- Found rclcpp: 2.4.3 (/opt/ros/foxy/share/rclcpp/cmake)
[0.301s] -- Using all available rosidl_typesupport_c: rosidl_typesupport_fastrtps_c;rosidl_typesupport_introspection_c
[0.305s] -- Found rosidl_adapter: 1.3.1 (/opt/ros/foxy/share/rosidl_adapter/cmake)
[0.421s] -- Using all available rosidl_typesupport_cpp: rosidl_typesupport_fastrtps_cpp;rosidl_typesupport_introspection_cpp
[0.469s] -- Found rmw_implementation_cmake: 1.0.4 (/opt/ros/foxy/share/rmw_implementation_cmake/cmake)
[0.470s] -- Using RMW implementation 'rmw_fastrtps_cpp' as default
[0.607s] -- Found sensor_msgs: 2.0.5 (/opt/ros/foxy/share/sensor_msgs/cmake)
[0.718s] -- Found communication_interfaces: 0.0.0 (/home/u20/u20/ros2_topic_ws/install/communication_interfaces/share/communication_interfaces/cmake)
[0.741s] -- Found ament_lint_auto: 0.9.8 (/opt/ros/foxy/share/ament_lint_auto/cmake)
[0.800s] -- Added test 'copyright' to check source files copyright and LICENSE
[0.800s] -- Added test 'cppcheck' to perform static code analysis on C / C++ code
[0.801s] -- Configured cppcheck include dirs: 
[0.801s] -- Configured cppcheck exclude dirs and/or files: 
[0.801s] -- Added test 'cpplint' to check C / C++ code against the Google style
[0.801s] -- Configured cpplint exclude dirs and/or files: 
[0.802s] -- Added test 'lint_cmake' to check CMake code style
[0.802s] -- Added test 'uncrustify' to check C / C++ code style
[0.802s] -- Configured uncrustify additional arguments: 
[0.803s] -- Added test 'xmllint' to check XML markup files
[0.807s] -- Configuring done
[0.813s] -- Generating done
[0.816s] -- Build files have been written to: /home/u20/u20/ros2_topic_ws/build/status_sub
[0.852s] [ 50%] [32mBuilding CXX object CMakeFiles/status_ui.dir/src/status_ui.cpp.o[0m
[0.860s] [01m[K/home/u20/u20/ros2_topic_ws/src/status_sub/src/status_ui.cpp:1:10:[m[K [01;31m[Kfatal error: [m[Krclcpp/rclcpp.hpp: æ²¡æœ‰é‚£ä¸ªæ–‡ä»¶æˆ–ç›®å½•
[0.860s]     1 | #include [01;31m[K<rclcpp/rclcpp.hpp>[m[K
[0.860s]       |          [01;31m[K^~~~~~~~~~~~~~~~~~~[m[K
[0.860s] compilation terminated.
[0.860s] make[2]: *** [CMakeFiles/status_ui.dir/build.make:63ï¼šCMakeFiles/status_ui.dir/src/status_ui.cpp.o] é”™è¯¯ 1
[0.861s] make[1]: *** [CMakeFiles/Makefile2:78ï¼šCMakeFiles/status_ui.dir/all] é”™è¯¯ 2
[0.861s] make: *** [Makefile:141ï¼šall] é”™è¯¯ 2
[0.863s] Invoked command in '/home/u20/u20/ros2_topic_ws/build/status_sub' returned '2': CMAKE_PREFIX_PATH=/home/u20/u20/ros2_topic_ws/install/communication_interfaces:/home/u20/u20/ros2_topic_ws/install/status_sub:/home/u20/u20/ros2_topic_ws/install/pc_status:/opt/ros/foxy PYTHONPATH=/home/u20/u20/ros2_topic_ws/install/communication_interfaces/lib/python3.8/site-packages:/home/u20/u20/ros2_topic_ws/install/pc_status/lib/python3.8/site-packages:/opt/ros/foxy/lib/python3.8/site-packages /usr/bin/cmake --build /home/u20/u20/ros2_topic_ws/build/status_sub -- -j12 -l12
